<?xml version="1.0" encoding="UTF-8"?>
<!-- Generated by org.testng.reporters.JUnitXMLReporter -->
<testsuite ignored="14" hostname="Mukilan" failures="0" tests="14" name="ChromeTest" time="272.277" errors="0" timestamp="2025-06-06T16:09:07 IST">
  <testcase classname="tests.TC001_NewRegisterationTest" name="newRegisterTest" time="22.592"/>
  <testcase classname="tests.TC001_NewRegisterationTest" name="newRegisterTest" time="13.773"/>
  <testcase classname="tests.TC002_Login_Test" name="loginTest" time="2.733"/>
  <testcase classname="tests.TC002_Login_Test" name="loginTest" time="2.311"/>
  <testcase classname="tests.TC003_SearchAHotel" name="bookHotelTest" time="5.08"/>
  <testcase classname="tests.TC003_SearchAHotel" name="bookHotelTest" time="4.961"/>
  <testcase classname="tests.TC004_SelectAHotelTest" name="selectHotelTest" time="5.778"/>
  <testcase classname="tests.TC004_SelectAHotelTest" name="selectHotelTest" time="5.346"/>
  <testcase classname="tests.TC005_BookAHotelTest" name="bookAHotelTest" time="14.396"/>
  <testcase classname="tests.TC005_BookAHotelTest" name="bookAHotelTest" time="7.812"/>
  <testcase classname="tests.TC006_CancelHotelTest" name="cancelHotelTest" time="35.035"/>
  <testcase classname="tests.TC007_SearchTest" name="searchFunctionTest" time="26.682"/>
  <testcase classname="tests.TC007_SearchTest" name="searchFunctionTest" time="54.258"/>
  <testcase classname="tests.TC008_LogoutTest" name="logoutTest" time="5.091"/>
  <testcase classname="Base.ProjectSpecificationMethods" name="@AfterSuite closereport" time="0.0">
    <ignored/>
  </testcase> <!-- @AfterSuite closereport -->
  <testcase classname="Base.ProjectSpecificationMethods" name="@BeforeSuite reportInitilization" time="0.0">
    <ignored/>
  </testcase> <!-- @BeforeSuite reportInitilization -->
  <testcase classname="Base.ProjectSpecificationMethods" name="@BeforeSuite reportInitilization" time="0.0">
    <ignored/>
  </testcase> <!-- @BeforeSuite reportInitilization -->
  <testcase classname="Base.ProjectSpecificationMethods" name="@AfterSuite closereport" time="0.0">
    <ignored/>
  </testcase> <!-- @AfterSuite closereport -->
  <testcase classname="Base.ProjectSpecificationMethods" name="@BeforeSuite reportInitilization" time="0.0">
    <ignored/>
  </testcase> <!-- @BeforeSuite reportInitilization -->
  <testcase classname="Base.ProjectSpecificationMethods" name="@AfterSuite closereport" time="0.0">
    <ignored/>
  </testcase> <!-- @AfterSuite closereport -->
  <testcase classname="Base.ProjectSpecificationMethods" name="@BeforeSuite reportInitilization" time="0.0">
    <ignored/>
  </testcase> <!-- @BeforeSuite reportInitilization -->
  <testcase classname="Base.ProjectSpecificationMethods" name="@BeforeSuite reportInitilization" time="0.0">
    <ignored/>
  </testcase> <!-- @BeforeSuite reportInitilization -->
  <testcase classname="Base.ProjectSpecificationMethods" name="@AfterSuite closereport" time="0.0">
    <ignored/>
  </testcase> <!-- @AfterSuite closereport -->
  <testcase classname="Base.ProjectSpecificationMethods" name="@BeforeSuite reportInitilization" time="0.0">
    <ignored/>
  </testcase> <!-- @BeforeSuite reportInitilization -->
  <testcase classname="Base.ProjectSpecificationMethods" name="@AfterSuite closereport" time="0.0">
    <ignored/>
  </testcase> <!-- @AfterSuite closereport -->
  <testcase classname="Base.ProjectSpecificationMethods" name="@BeforeSuite reportInitilization" time="0.0">
    <ignored/>
  </testcase> <!-- @BeforeSuite reportInitilization -->
  <testcase classname="Base.ProjectSpecificationMethods" name="@AfterSuite closereport" time="0.0">
    <ignored/>
  </testcase> <!-- @AfterSuite closereport -->
  <testcase classname="Base.ProjectSpecificationMethods" name="@AfterSuite closereport" time="0.0">
    <ignored/>
  </testcase> <!-- @AfterSuite closereport -->
</testsuite> <!-- ChromeTest -->
