<?xml version="1.0" encoding="UTF-8"?>
<!-- Generated by org.testng.reporters.JUnitXMLReporter -->
<testsuite ignored="14" hostname="Mukilan" failures="0" tests="14" name="ChromeTest" time="280.438" errors="0" timestamp="2025-06-06T16:57:29 IST">
  <testcase classname="tests.TC001_NewRegisterationTest" name="newRegisterTest" time="26.389"/>
  <testcase classname="tests.TC001_NewRegisterationTest" name="newRegisterTest" time="13.562"/>
  <testcase classname="tests.TC002_Login_Test" name="loginTest" time="2.684"/>
  <testcase classname="tests.TC002_Login_Test" name="loginTest" time="2.481"/>
  <testcase classname="tests.TC003_SearchAHotel" name="bookHotelTest" time="5.057"/>
  <testcase classname="tests.TC003_SearchAHotel" name="bookHotelTest" time="5.225"/>
  <testcase classname="tests.TC004_SelectAHotelTest" name="selectHotelTest" time="5.613"/>
  <testcase classname="tests.TC004_SelectAHotelTest" name="selectHotelTest" time="5.269"/>
  <testcase classname="tests.TC005_BookAHotelTest" name="bookAHotelTest" time="13.465"/>
  <testcase classname="tests.TC005_BookAHotelTest" name="bookAHotelTest" time="7.73"/>
  <testcase classname="tests.TC006_CancelHotelTest" name="cancelHotelTest" time="42.245"/>
  <testcase classname="tests.TC007_SearchTest" name="searchFunctionTest" time="40.753"/>
  <testcase classname="tests.TC007_SearchTest" name="searchFunctionTest" time="28.47"/>
  <testcase classname="tests.TC008_LogoutTest" name="logoutTest" time="5.01"/>
  <testcase classname="Base.ProjectSpecificationMethods" name="@AfterSuite closereport" time="0.0">
    <ignored/>
  </testcase> <!-- @AfterSuite closereport -->
  <testcase classname="Base.ProjectSpecificationMethods" name="@BeforeSuite reportInitilization" time="0.0">
    <ignored/>
  </testcase> <!-- @BeforeSuite reportInitilization -->
  <testcase classname="Base.ProjectSpecificationMethods" name="@BeforeSuite reportInitilization" time="0.0">
    <ignored/>
  </testcase> <!-- @BeforeSuite reportInitilization -->
  <testcase classname="Base.ProjectSpecificationMethods" name="@AfterSuite closereport" time="0.0">
    <ignored/>
  </testcase> <!-- @AfterSuite closereport -->
  <testcase classname="Base.ProjectSpecificationMethods" name="@BeforeSuite reportInitilization" time="0.0">
    <ignored/>
  </testcase> <!-- @BeforeSuite reportInitilization -->
  <testcase classname="Base.ProjectSpecificationMethods" name="@AfterSuite closereport" time="0.0">
    <ignored/>
  </testcase> <!-- @AfterSuite closereport -->
  <testcase classname="Base.ProjectSpecificationMethods" name="@BeforeSuite reportInitilization" time="0.0">
    <ignored/>
  </testcase> <!-- @BeforeSuite reportInitilization -->
  <testcase classname="Base.ProjectSpecificationMethods" name="@BeforeSuite reportInitilization" time="0.0">
    <ignored/>
  </testcase> <!-- @BeforeSuite reportInitilization -->
  <testcase classname="Base.ProjectSpecificationMethods" name="@AfterSuite closereport" time="0.0">
    <ignored/>
  </testcase> <!-- @AfterSuite closereport -->
  <testcase classname="Base.ProjectSpecificationMethods" name="@BeforeSuite reportInitilization" time="0.0">
    <ignored/>
  </testcase> <!-- @BeforeSuite reportInitilization -->
  <testcase classname="Base.ProjectSpecificationMethods" name="@AfterSuite closereport" time="0.0">
    <ignored/>
  </testcase> <!-- @AfterSuite closereport -->
  <testcase classname="Base.ProjectSpecificationMethods" name="@BeforeSuite reportInitilization" time="0.0">
    <ignored/>
  </testcase> <!-- @BeforeSuite reportInitilization -->
  <testcase classname="Base.ProjectSpecificationMethods" name="@AfterSuite closereport" time="0.0">
    <ignored/>
  </testcase> <!-- @AfterSuite closereport -->
  <testcase classname="Base.ProjectSpecificationMethods" name="@AfterSuite closereport" time="0.0">
    <ignored/>
  </testcase> <!-- @AfterSuite closereport -->
</testsuite> <!-- ChromeTest -->
