<?xml version="1.0" encoding="UTF-8"?>
<!-- Generated by org.testng.reporters.JUnitXMLReporter -->
<testsuite ignored="14" hostname="Mukilan" failures="0" tests="14" name="ChromeTest" time="324.17" errors="0" timestamp="2025-05-16T18:42:25 IST">
  <testcase classname="tests.TC001_NewRegisterationTest" name="newRegisterTest" time="25.196"/>
  <testcase classname="tests.TC001_NewRegisterationTest" name="newRegisterTest" time="13.98"/>
  <testcase classname="tests.TC002_Login_Test" name="loginTest" time="5.269"/>
  <testcase classname="tests.TC002_Login_Test" name="loginTest" time="4.19"/>
  <testcase classname="tests.TC003_SearchAHotel" name="bookHotelTest" time="6.807"/>
  <testcase classname="tests.TC003_SearchAHotel" name="bookHotelTest" time="6.533"/>
  <testcase classname="tests.TC004_SelectAHotelTest" name="selectHotelTest" time="7.869"/>
  <testcase classname="tests.TC004_SelectAHotelTest" name="selectHotelTest" time="6.866"/>
  <testcase classname="tests.TC005_BookAHotelTest" name="bookAHotelTest" time="17.002"/>
  <testcase classname="tests.TC005_BookAHotelTest" name="bookAHotelTest" time="9.536"/>
  <testcase classname="tests.TC006_CancelHotelTest" name="cancelHotelTest" time="51.727"/>
  <testcase classname="tests.TC007_SearchTest" name="searchFunctionTest" time="46.368"/>
  <testcase classname="tests.TC007_SearchTest" name="searchFunctionTest" time="33.819"/>
  <testcase classname="tests.TC008_LogoutTest" name="logoutTest" time="7.114"/>
  <testcase classname="Base.ProjectSpecificationMethods" name="@AfterSuite closereport" time="0.0">
    <ignored/>
  </testcase> <!-- @AfterSuite closereport -->
  <testcase classname="Base.ProjectSpecificationMethods" name="@BeforeSuite reportInitilization" time="0.0">
    <ignored/>
  </testcase> <!-- @BeforeSuite reportInitilization -->
  <testcase classname="Base.ProjectSpecificationMethods" name="@BeforeSuite reportInitilization" time="0.0">
    <ignored/>
  </testcase> <!-- @BeforeSuite reportInitilization -->
  <testcase classname="Base.ProjectSpecificationMethods" name="@AfterSuite closereport" time="0.0">
    <ignored/>
  </testcase> <!-- @AfterSuite closereport -->
  <testcase classname="Base.ProjectSpecificationMethods" name="@BeforeSuite reportInitilization" time="0.0">
    <ignored/>
  </testcase> <!-- @BeforeSuite reportInitilization -->
  <testcase classname="Base.ProjectSpecificationMethods" name="@AfterSuite closereport" time="0.0">
    <ignored/>
  </testcase> <!-- @AfterSuite closereport -->
  <testcase classname="Base.ProjectSpecificationMethods" name="@AfterSuite closereport" time="0.0">
    <ignored/>
  </testcase> <!-- @AfterSuite closereport -->
  <testcase classname="Base.ProjectSpecificationMethods" name="@BeforeSuite reportInitilization" time="0.0">
    <ignored/>
  </testcase> <!-- @BeforeSuite reportInitilization -->
  <testcase classname="Base.ProjectSpecificationMethods" name="@AfterSuite closereport" time="0.0">
    <ignored/>
  </testcase> <!-- @AfterSuite closereport -->
  <testcase classname="Base.ProjectSpecificationMethods" name="@AfterSuite closereport" time="0.0">
    <ignored/>
  </testcase> <!-- @AfterSuite closereport -->
  <testcase classname="Base.ProjectSpecificationMethods" name="@AfterSuite closereport" time="0.0">
    <ignored/>
  </testcase> <!-- @AfterSuite closereport -->
  <testcase classname="Base.ProjectSpecificationMethods" name="@BeforeSuite reportInitilization" time="0.0">
    <ignored/>
  </testcase> <!-- @BeforeSuite reportInitilization -->
  <testcase classname="Base.ProjectSpecificationMethods" name="@BeforeSuite reportInitilization" time="0.0">
    <ignored/>
  </testcase> <!-- @BeforeSuite reportInitilization -->
  <testcase classname="Base.ProjectSpecificationMethods" name="@BeforeSuite reportInitilization" time="0.0">
    <ignored/>
  </testcase> <!-- @BeforeSuite reportInitilization -->
</testsuite> <!-- ChromeTest -->
