<?xml version="1.0" encoding="UTF-8"?>
<testng-results ignored="0" total="14" passed="14" failed="0" skipped="0">
  <reporter-output>
  </reporter-output>
  <suite started-at="2025-05-16T18:37:01 IST" name="Suite" finished-at="2025-05-16T18:42:25 IST" duration-ms="324170">
    <groups>
    </groups>
    <test started-at="2025-05-16T18:37:01 IST" name="ChromeTest" finished-at="2025-05-16T18:42:25 IST" duration-ms="324170">
      <class name="tests.TC002_Login_Test">
        <test-method is-config="true" signature="setup()[pri:0, instance:tests.TC002_Login_Test@42a48628]" started-at="2025-05-16T18:37:01 IST" name="setup" finished-at="2025-05-16T18:37:01 IST" duration-ms="0" status="PASS">
          <reporter-output>
          </reporter-output>
        </test-method> <!-- setup -->
        <test-method is-config="true" signature="testDetails()[pri:0, instance:tests.TC002_Login_Test@42a48628]" started-at="2025-05-16T18:37:53 IST" name="testDetails" finished-at="2025-05-16T18:37:53 IST" duration-ms="0" status="PASS">
          <reporter-output>
          </reporter-output>
        </test-method> <!-- testDetails -->
        <test-method is-config="true" signature="launchAndLoadingURL(java.lang.String,java.lang.String)[pri:0, instance:tests.TC002_Login_Test@42a48628]" started-at="2025-05-16T18:37:54 IST" name="launchAndLoadingURL" finished-at="2025-05-16T18:37:57 IST" duration-ms="3133" status="PASS">
          <params>
            <param index="0">
              <value>
                <![CDATA[chrome]]>
              </value>
            </param>
            <param index="1">
              <value>
                <![CDATA[https://adactinhotelapp.com/]]>
              </value>
            </param>
          </params>
          <reporter-output>
          </reporter-output>
        </test-method> <!-- launchAndLoadingURL -->
        <test-method signature="loginTest(java.lang.String,java.lang.String,java.lang.String,java.lang.String)[pri:0, instance:tests.TC002_Login_Test@42a48628]" started-at="2025-05-16T18:37:57 IST" name="loginTest" data-provider="readData" finished-at="2025-05-16T18:38:02 IST" duration-ms="5269" status="PASS">
          <params>
            <param index="0">
              <value>
                <![CDATA[Mukilanru1898]]>
              </value>
            </param>
            <param index="1">
              <value>
                <![CDATA[12345]]>
              </value>
            </param>
            <param index="2">
              <value>
                <![CDATA[Hello Mukilanru1898!]]>
              </value>
            </param>
            <param index="3">
              <value>
                <![CDATA[ValidTest]]>
              </value>
            </param>
          </params>
          <reporter-output>
          </reporter-output>
        </test-method> <!-- loginTest -->
        <test-method is-config="true" signature="browserclose()[pri:0, instance:tests.TC002_Login_Test@42a48628]" started-at="2025-05-16T18:38:02 IST" name="browserclose" finished-at="2025-05-16T18:38:04 IST" duration-ms="2579" status="PASS">
          <reporter-output>
          </reporter-output>
        </test-method> <!-- browserclose -->
        <test-method is-config="true" signature="launchAndLoadingURL(java.lang.String,java.lang.String)[pri:0, instance:tests.TC002_Login_Test@42a48628]" started-at="2025-05-16T18:38:04 IST" name="launchAndLoadingURL" finished-at="2025-05-16T18:38:08 IST" duration-ms="3279" status="PASS">
          <params>
            <param index="0">
              <value>
                <![CDATA[chrome]]>
              </value>
            </param>
            <param index="1">
              <value>
                <![CDATA[https://adactinhotelapp.com/]]>
              </value>
            </param>
          </params>
          <reporter-output>
          </reporter-output>
        </test-method> <!-- launchAndLoadingURL -->
        <test-method signature="loginTest(java.lang.String,java.lang.String,java.lang.String,java.lang.String)[pri:0, instance:tests.TC002_Login_Test@42a48628]" started-at="2025-05-16T18:38:08 IST" name="loginTest" data-provider="readData" finished-at="2025-05-16T18:38:12 IST" duration-ms="4190" status="PASS">
          <params>
            <param index="0">
              <value>
                <![CDATA[Mukilanru1898]]>
              </value>
            </param>
            <param index="1">
              <value>
                <![CDATA[12346]]>
              </value>
            </param>
            <param index="2">
              <value>
                <![CDATA[Invalid Login details or Your Password might have expired. Click here to reset your password]]>
              </value>
            </param>
            <param index="3">
              <value>
                <![CDATA[InvalidTest]]>
              </value>
            </param>
          </params>
          <reporter-output>
          </reporter-output>
        </test-method> <!-- loginTest -->
        <test-method is-config="true" signature="browserclose()[pri:0, instance:tests.TC002_Login_Test@42a48628]" started-at="2025-05-16T18:38:12 IST" name="browserclose" finished-at="2025-05-16T18:38:14 IST" duration-ms="2440" status="PASS">
          <reporter-output>
          </reporter-output>
        </test-method> <!-- browserclose -->
      </class> <!-- tests.TC002_Login_Test -->
      <class name="tests.TC008_LogoutTest">
        <test-method is-config="true" signature="setup()[pri:0, instance:tests.TC008_LogoutTest@3c19aaa5]" started-at="2025-05-16T18:37:01 IST" name="setup" finished-at="2025-05-16T18:37:01 IST" duration-ms="1" status="PASS">
          <reporter-output>
          </reporter-output>
        </test-method> <!-- setup -->
        <test-method is-config="true" signature="testDetails()[pri:0, instance:tests.TC008_LogoutTest@3c19aaa5]" started-at="2025-05-16T18:42:12 IST" name="testDetails" finished-at="2025-05-16T18:42:12 IST" duration-ms="0" status="PASS">
          <reporter-output>
          </reporter-output>
        </test-method> <!-- testDetails -->
        <test-method is-config="true" signature="launchAndLoadingURL(java.lang.String,java.lang.String)[pri:0, instance:tests.TC008_LogoutTest@3c19aaa5]" started-at="2025-05-16T18:42:12 IST" name="launchAndLoadingURL" finished-at="2025-05-16T18:42:16 IST" duration-ms="3808" status="PASS">
          <params>
            <param index="0">
              <value>
                <![CDATA[chrome]]>
              </value>
            </param>
            <param index="1">
              <value>
                <![CDATA[https://adactinhotelapp.com/]]>
              </value>
            </param>
          </params>
          <reporter-output>
          </reporter-output>
        </test-method> <!-- launchAndLoadingURL -->
        <test-method signature="logoutTest(java.lang.String,java.lang.String,java.lang.String)[pri:0, instance:tests.TC008_LogoutTest@3c19aaa5]" started-at="2025-05-16T18:42:16 IST" name="logoutTest" data-provider="readData" finished-at="2025-05-16T18:42:23 IST" duration-ms="7114" status="PASS">
          <params>
            <param index="0">
              <value>
                <![CDATA[Mukilanru1898]]>
              </value>
            </param>
            <param index="1">
              <value>
                <![CDATA[12345]]>
              </value>
            </param>
            <param index="2">
              <value>
                <![CDATA[You have successfully logged out. Click here to login again]]>
              </value>
            </param>
          </params>
          <reporter-output>
          </reporter-output>
        </test-method> <!-- logoutTest -->
        <test-method is-config="true" signature="browserclose()[pri:0, instance:tests.TC008_LogoutTest@3c19aaa5]" started-at="2025-05-16T18:42:23 IST" name="browserclose" finished-at="2025-05-16T18:42:25 IST" duration-ms="2655" status="PASS">
          <reporter-output>
          </reporter-output>
        </test-method> <!-- browserclose -->
      </class> <!-- tests.TC008_LogoutTest -->
      <class name="tests.TC006_CancelHotelTest">
        <test-method is-config="true" signature="setup()[pri:0, instance:tests.TC006_CancelHotelTest@74f0ea28]" started-at="2025-05-16T18:37:01 IST" name="setup" finished-at="2025-05-16T18:37:01 IST" duration-ms="0" status="PASS">
          <reporter-output>
          </reporter-output>
        </test-method> <!-- setup -->
        <test-method is-config="true" signature="testDetails()[pri:0, instance:tests.TC006_CancelHotelTest@74f0ea28]" started-at="2025-05-16T18:39:44 IST" name="testDetails" finished-at="2025-05-16T18:39:44 IST" duration-ms="0" status="PASS">
          <reporter-output>
          </reporter-output>
        </test-method> <!-- testDetails -->
        <test-method is-config="true" signature="launchAndLoadingURL(java.lang.String,java.lang.String)[pri:0, instance:tests.TC006_CancelHotelTest@74f0ea28]" started-at="2025-05-16T18:39:44 IST" name="launchAndLoadingURL" finished-at="2025-05-16T18:39:48 IST" duration-ms="3732" status="PASS">
          <params>
            <param index="0">
              <value>
                <![CDATA[chrome]]>
              </value>
            </param>
            <param index="1">
              <value>
                <![CDATA[https://adactinhotelapp.com/]]>
              </value>
            </param>
          </params>
          <reporter-output>
          </reporter-output>
        </test-method> <!-- launchAndLoadingURL -->
        <test-method signature="cancelHotelTest(java.lang.String,java.lang.String,java.lang.String)[pri:0, instance:tests.TC006_CancelHotelTest@74f0ea28]" started-at="2025-05-16T18:39:48 IST" name="cancelHotelTest" data-provider="readData" finished-at="2025-05-16T18:40:40 IST" duration-ms="51727" status="PASS">
          <params>
            <param index="0">
              <value>
                <![CDATA[Mukilanru1898]]>
              </value>
            </param>
            <param index="1">
              <value>
                <![CDATA[12345]]>
              </value>
            </param>
            <param index="2">
              <value>
                <![CDATA[The booking has been cancelled.]]>
              </value>
            </param>
          </params>
          <reporter-output>
          </reporter-output>
        </test-method> <!-- cancelHotelTest -->
        <test-method is-config="true" signature="browserclose()[pri:0, instance:tests.TC006_CancelHotelTest@74f0ea28]" started-at="2025-05-16T18:40:40 IST" name="browserclose" finished-at="2025-05-16T18:40:42 IST" duration-ms="2429" status="PASS">
          <reporter-output>
          </reporter-output>
        </test-method> <!-- browserclose -->
      </class> <!-- tests.TC006_CancelHotelTest -->
      <class name="tests.TC005_BookAHotelTest">
        <test-method is-config="true" signature="setup()[pri:0, instance:tests.TC005_BookAHotelTest@1283bb96]" started-at="2025-05-16T18:37:01 IST" name="setup" finished-at="2025-05-16T18:37:01 IST" duration-ms="0" status="PASS">
          <reporter-output>
          </reporter-output>
        </test-method> <!-- setup -->
        <test-method is-config="true" signature="testDetails()[pri:0, instance:tests.TC005_BookAHotelTest@1283bb96]" started-at="2025-05-16T18:39:06 IST" name="testDetails" finished-at="2025-05-16T18:39:06 IST" duration-ms="0" status="PASS">
          <reporter-output>
          </reporter-output>
        </test-method> <!-- testDetails -->
        <test-method is-config="true" signature="launchAndLoadingURL(java.lang.String,java.lang.String)[pri:0, instance:tests.TC005_BookAHotelTest@1283bb96]" started-at="2025-05-16T18:39:06 IST" name="launchAndLoadingURL" finished-at="2025-05-16T18:39:09 IST" duration-ms="3398" status="PASS">
          <params>
            <param index="0">
              <value>
                <![CDATA[chrome]]>
              </value>
            </param>
            <param index="1">
              <value>
                <![CDATA[https://adactinhotelapp.com/]]>
              </value>
            </param>
          </params>
          <reporter-output>
          </reporter-output>
        </test-method> <!-- launchAndLoadingURL -->
        <test-method signature="bookAHotelTest(java.lang.String,java.lang.String,java.lang.String,java.lang.String,java.lang.String,java.lang.String,java.lang.String,java.lang.String,java.lang.String,java.lang.String,java.lang.String)[pri:0, instance:tests.TC005_BookAHotelTest@1283bb96]" started-at="2025-05-16T18:39:09 IST" name="bookAHotelTest" data-provider="readData" finished-at="2025-05-16T18:39:26 IST" duration-ms="17002" status="PASS">
          <params>
            <param index="0">
              <value>
                <![CDATA[Mukilanru1898]]>
              </value>
            </param>
            <param index="1">
              <value>
                <![CDATA[12345]]>
              </value>
            </param>
            <param index="2">
              <value>
                <![CDATA[07/05/2025]]>
              </value>
            </param>
            <param index="3">
              <value>
                <![CDATA[08/05/2025]]>
              </value>
            </param>
            <param index="4">
              <value>
                <![CDATA[John]]>
              </value>
            </param>
            <param index="5">
              <value>
                <![CDATA[Doe]]>
              </value>
            </param>
            <param index="6">
              <value>
                <![CDATA[california]]>
              </value>
            </param>
            <param index="7">
              <value>
                <![CDATA[1234123412341234]]>
              </value>
            </param>
            <param index="8">
              <value>
                <![CDATA[123]]>
              </value>
            </param>
            <param index="9">
              <value>
                <![CDATA[nil]]>
              </value>
            </param>
            <param index="10">
              <value>
                <![CDATA[validtest]]>
              </value>
            </param>
          </params>
          <reporter-output>
          </reporter-output>
        </test-method> <!-- bookAHotelTest -->
        <test-method is-config="true" signature="browserclose()[pri:0, instance:tests.TC005_BookAHotelTest@1283bb96]" started-at="2025-05-16T18:39:26 IST" name="browserclose" finished-at="2025-05-16T18:39:29 IST" duration-ms="2485" status="PASS">
          <reporter-output>
          </reporter-output>
        </test-method> <!-- browserclose -->
        <test-method is-config="true" signature="launchAndLoadingURL(java.lang.String,java.lang.String)[pri:0, instance:tests.TC005_BookAHotelTest@1283bb96]" started-at="2025-05-16T18:39:29 IST" name="launchAndLoadingURL" finished-at="2025-05-16T18:39:32 IST" duration-ms="3332" status="PASS">
          <params>
            <param index="0">
              <value>
                <![CDATA[chrome]]>
              </value>
            </param>
            <param index="1">
              <value>
                <![CDATA[https://adactinhotelapp.com/]]>
              </value>
            </param>
          </params>
          <reporter-output>
          </reporter-output>
        </test-method> <!-- launchAndLoadingURL -->
        <test-method signature="bookAHotelTest(java.lang.String,java.lang.String,java.lang.String,java.lang.String,java.lang.String,java.lang.String,java.lang.String,java.lang.String,java.lang.String,java.lang.String,java.lang.String)[pri:0, instance:tests.TC005_BookAHotelTest@1283bb96]" started-at="2025-05-16T18:39:32 IST" name="bookAHotelTest" data-provider="readData" finished-at="2025-05-16T18:39:42 IST" duration-ms="9536" status="PASS">
          <params>
            <param index="0">
              <value>
                <![CDATA[Mukilanru1898]]>
              </value>
            </param>
            <param index="1">
              <value>
                <![CDATA[12345]]>
              </value>
            </param>
            <param index="2">
              <value>
                <![CDATA[07/05/2025]]>
              </value>
            </param>
            <param index="3">
              <value>
                <![CDATA[08/05/2025]]>
              </value>
            </param>
            <param index="4">
              <value>
                <![CDATA[Jane]]>
              </value>
            </param>
            <param index="5">
              <value>
                <![CDATA[Doe]]>
              </value>
            </param>
            <param index="6">
              <value>
                <![CDATA[california]]>
              </value>
            </param>
            <param index="7">
              <value>
                <![CDATA[1234]]>
              </value>
            </param>
            <param index="8">
              <value>
                <![CDATA[123]]>
              </value>
            </param>
            <param index="9">
              <value>
                <![CDATA[Please Enter your 16 Digit Credit Card Number]]>
              </value>
            </param>
            <param index="10">
              <value>
                <![CDATA[invalidtest]]>
              </value>
            </param>
          </params>
          <reporter-output>
          </reporter-output>
        </test-method> <!-- bookAHotelTest -->
        <test-method is-config="true" signature="browserclose()[pri:0, instance:tests.TC005_BookAHotelTest@1283bb96]" started-at="2025-05-16T18:39:42 IST" name="browserclose" finished-at="2025-05-16T18:39:44 IST" duration-ms="2411" status="PASS">
          <reporter-output>
          </reporter-output>
        </test-method> <!-- browserclose -->
      </class> <!-- tests.TC005_BookAHotelTest -->
      <class name="tests.TC007_SearchTest">
        <test-method is-config="true" signature="setup()[pri:0, instance:tests.TC007_SearchTest@f6efaab]" started-at="2025-05-16T18:37:01 IST" name="setup" finished-at="2025-05-16T18:37:01 IST" duration-ms="0" status="PASS">
          <reporter-output>
          </reporter-output>
        </test-method> <!-- setup -->
        <test-method is-config="true" signature="testDetails()[pri:0, instance:tests.TC007_SearchTest@f6efaab]" started-at="2025-05-16T18:40:42 IST" name="testDetails" finished-at="2025-05-16T18:40:42 IST" duration-ms="0" status="PASS">
          <reporter-output>
          </reporter-output>
        </test-method> <!-- testDetails -->
        <test-method is-config="true" signature="launchAndLoadingURL(java.lang.String,java.lang.String)[pri:0, instance:tests.TC007_SearchTest@f6efaab]" started-at="2025-05-16T18:40:42 IST" name="launchAndLoadingURL" finished-at="2025-05-16T18:40:44 IST" duration-ms="1438" status="PASS">
          <params>
            <param index="0">
              <value>
                <![CDATA[chrome]]>
              </value>
            </param>
            <param index="1">
              <value>
                <![CDATA[https://adactinhotelapp.com/]]>
              </value>
            </param>
          </params>
          <reporter-output>
          </reporter-output>
        </test-method> <!-- launchAndLoadingURL -->
        <test-method signature="searchFunctionTest(java.lang.String,java.lang.String,java.lang.String,java.lang.String)[pri:0, instance:tests.TC007_SearchTest@f6efaab]" started-at="2025-05-16T18:40:44 IST" name="searchFunctionTest" data-provider="readData" finished-at="2025-05-16T18:41:30 IST" duration-ms="46368" status="PASS">
          <params>
            <param index="0">
              <value>
                <![CDATA[Mukilanru1898]]>
              </value>
            </param>
            <param index="1">
              <value>
                <![CDATA[12345]]>
              </value>
            </param>
            <param index="2">
              <value>
                <![CDATA[1 result(s) found. Show all]]>
              </value>
            </param>
            <param index="3">
              <value>
                <![CDATA[validtest]]>
              </value>
            </param>
          </params>
          <reporter-output>
          </reporter-output>
        </test-method> <!-- searchFunctionTest -->
        <test-method is-config="true" signature="browserclose()[pri:0, instance:tests.TC007_SearchTest@f6efaab]" started-at="2025-05-16T18:41:30 IST" name="browserclose" finished-at="2025-05-16T18:41:32 IST" duration-ms="2328" status="PASS">
          <reporter-output>
          </reporter-output>
        </test-method> <!-- browserclose -->
        <test-method is-config="true" signature="launchAndLoadingURL(java.lang.String,java.lang.String)[pri:0, instance:tests.TC007_SearchTest@f6efaab]" started-at="2025-05-16T18:41:32 IST" name="launchAndLoadingURL" finished-at="2025-05-16T18:41:36 IST" duration-ms="3308" status="PASS">
          <params>
            <param index="0">
              <value>
                <![CDATA[chrome]]>
              </value>
            </param>
            <param index="1">
              <value>
                <![CDATA[https://adactinhotelapp.com/]]>
              </value>
            </param>
          </params>
          <reporter-output>
          </reporter-output>
        </test-method> <!-- launchAndLoadingURL -->
        <test-method signature="searchFunctionTest(java.lang.String,java.lang.String,java.lang.String,java.lang.String)[pri:0, instance:tests.TC007_SearchTest@f6efaab]" started-at="2025-05-16T18:41:36 IST" name="searchFunctionTest" data-provider="readData" finished-at="2025-05-16T18:42:09 IST" duration-ms="33819" status="PASS">
          <params>
            <param index="0">
              <value>
                <![CDATA[Mukilanru1898]]>
              </value>
            </param>
            <param index="1">
              <value>
                <![CDATA[12345]]>
              </value>
            </param>
            <param index="2">
              <value>
                <![CDATA[0 result(s) found. Show all]]>
              </value>
            </param>
            <param index="3">
              <value>
                <![CDATA[invalidtest]]>
              </value>
            </param>
          </params>
          <reporter-output>
          </reporter-output>
        </test-method> <!-- searchFunctionTest -->
        <test-method is-config="true" signature="browserclose()[pri:0, instance:tests.TC007_SearchTest@f6efaab]" started-at="2025-05-16T18:42:09 IST" name="browserclose" finished-at="2025-05-16T18:42:12 IST" duration-ms="2368" status="PASS">
          <reporter-output>
          </reporter-output>
        </test-method> <!-- browserclose -->
      </class> <!-- tests.TC007_SearchTest -->
      <class name="tests.TC003_SearchAHotel">
        <test-method is-config="true" signature="setup()[pri:0, instance:tests.TC003_SearchAHotel@293a5bf6]" started-at="2025-05-16T18:37:01 IST" name="setup" finished-at="2025-05-16T18:37:01 IST" duration-ms="0" status="PASS">
          <reporter-output>
          </reporter-output>
        </test-method> <!-- setup -->
        <test-method is-config="true" signature="testDetails()[pri:0, instance:tests.TC003_SearchAHotel@293a5bf6]" started-at="2025-05-16T18:38:14 IST" name="testDetails" finished-at="2025-05-16T18:38:14 IST" duration-ms="0" status="PASS">
          <reporter-output>
          </reporter-output>
        </test-method> <!-- testDetails -->
        <test-method is-config="true" signature="launchAndLoadingURL(java.lang.String,java.lang.String)[pri:0, instance:tests.TC003_SearchAHotel@293a5bf6]" started-at="2025-05-16T18:38:14 IST" name="launchAndLoadingURL" finished-at="2025-05-16T18:38:19 IST" duration-ms="4132" status="PASS">
          <params>
            <param index="0">
              <value>
                <![CDATA[chrome]]>
              </value>
            </param>
            <param index="1">
              <value>
                <![CDATA[https://adactinhotelapp.com/]]>
              </value>
            </param>
          </params>
          <reporter-output>
          </reporter-output>
        </test-method> <!-- launchAndLoadingURL -->
        <test-method signature="bookHotelTest(java.lang.String,java.lang.String,java.lang.String,java.lang.String,java.lang.String,java.lang.String)[pri:0, instance:tests.TC003_SearchAHotel@293a5bf6]" started-at="2025-05-16T18:38:19 IST" name="bookHotelTest" data-provider="readData" finished-at="2025-05-16T18:38:25 IST" duration-ms="6807" status="PASS">
          <params>
            <param index="0">
              <value>
                <![CDATA[Mukilanru1898]]>
              </value>
            </param>
            <param index="1">
              <value>
                <![CDATA[12345]]>
              </value>
            </param>
            <param index="2">
              <value>
                <![CDATA[07/05/2025]]>
              </value>
            </param>
            <param index="3">
              <value>
                <![CDATA[08/05/2025]]>
              </value>
            </param>
            <param index="4">
              <value>
                <![CDATA[Select Hotel]]>
              </value>
            </param>
            <param index="5">
              <value>
                <![CDATA[validtest]]>
              </value>
            </param>
          </params>
          <reporter-output>
          </reporter-output>
        </test-method> <!-- bookHotelTest -->
        <test-method is-config="true" signature="browserclose()[pri:0, instance:tests.TC003_SearchAHotel@293a5bf6]" started-at="2025-05-16T18:38:25 IST" name="browserclose" finished-at="2025-05-16T18:38:28 IST" duration-ms="2386" status="PASS">
          <reporter-output>
          </reporter-output>
        </test-method> <!-- browserclose -->
        <test-method is-config="true" signature="launchAndLoadingURL(java.lang.String,java.lang.String)[pri:0, instance:tests.TC003_SearchAHotel@293a5bf6]" started-at="2025-05-16T18:38:28 IST" name="launchAndLoadingURL" finished-at="2025-05-16T18:38:31 IST" duration-ms="3443" status="PASS">
          <params>
            <param index="0">
              <value>
                <![CDATA[chrome]]>
              </value>
            </param>
            <param index="1">
              <value>
                <![CDATA[https://adactinhotelapp.com/]]>
              </value>
            </param>
          </params>
          <reporter-output>
          </reporter-output>
        </test-method> <!-- launchAndLoadingURL -->
        <test-method signature="bookHotelTest(java.lang.String,java.lang.String,java.lang.String,java.lang.String,java.lang.String,java.lang.String)[pri:0, instance:tests.TC003_SearchAHotel@293a5bf6]" started-at="2025-05-16T18:38:31 IST" name="bookHotelTest" data-provider="readData" finished-at="2025-05-16T18:38:38 IST" duration-ms="6533" status="PASS">
          <params>
            <param index="0">
              <value>
                <![CDATA[Mukilanru1898]]>
              </value>
            </param>
            <param index="1">
              <value>
                <![CDATA[12345]]>
              </value>
            </param>
            <param index="2">
              <value>
                <![CDATA[09/05/2025]]>
              </value>
            </param>
            <param index="3">
              <value>
                <![CDATA[08/05/2025]]>
              </value>
            </param>
            <param index="4">
              <value>
                <![CDATA[Check-In Date shall be before than Check-Out Date]]>
              </value>
            </param>
            <param index="5">
              <value>
                <![CDATA[invalidtest]]>
              </value>
            </param>
          </params>
          <reporter-output>
          </reporter-output>
        </test-method> <!-- bookHotelTest -->
        <test-method is-config="true" signature="browserclose()[pri:0, instance:tests.TC003_SearchAHotel@293a5bf6]" started-at="2025-05-16T18:38:38 IST" name="browserclose" finished-at="2025-05-16T18:38:40 IST" duration-ms="2294" status="PASS">
          <reporter-output>
          </reporter-output>
        </test-method> <!-- browserclose -->
      </class> <!-- tests.TC003_SearchAHotel -->
      <class name="tests.TC004_SelectAHotelTest">
        <test-method is-config="true" signature="setup()[pri:0, instance:tests.TC004_SelectAHotelTest@6aeb35e6]" started-at="2025-05-16T18:37:01 IST" name="setup" finished-at="2025-05-16T18:37:01 IST" duration-ms="0" status="PASS">
          <reporter-output>
          </reporter-output>
        </test-method> <!-- setup -->
        <test-method is-config="true" signature="testDetails()[pri:0, instance:tests.TC004_SelectAHotelTest@6aeb35e6]" started-at="2025-05-16T18:38:40 IST" name="testDetails" finished-at="2025-05-16T18:38:40 IST" duration-ms="0" status="PASS">
          <reporter-output>
          </reporter-output>
        </test-method> <!-- testDetails -->
        <test-method is-config="true" signature="launchAndLoadingURL(java.lang.String,java.lang.String)[pri:0, instance:tests.TC004_SelectAHotelTest@6aeb35e6]" started-at="2025-05-16T18:38:40 IST" name="launchAndLoadingURL" finished-at="2025-05-16T18:38:43 IST" duration-ms="3229" status="PASS">
          <params>
            <param index="0">
              <value>
                <![CDATA[chrome]]>
              </value>
            </param>
            <param index="1">
              <value>
                <![CDATA[https://adactinhotelapp.com/]]>
              </value>
            </param>
          </params>
          <reporter-output>
          </reporter-output>
        </test-method> <!-- launchAndLoadingURL -->
        <test-method signature="selectHotelTest(java.lang.String,java.lang.String,java.lang.String,java.lang.String,java.lang.String,java.lang.String)[pri:0, instance:tests.TC004_SelectAHotelTest@6aeb35e6]" started-at="2025-05-16T18:38:43 IST" name="selectHotelTest" data-provider="readData" finished-at="2025-05-16T18:38:51 IST" duration-ms="7869" status="PASS">
          <params>
            <param index="0">
              <value>
                <![CDATA[Mukilanru1898]]>
              </value>
            </param>
            <param index="1">
              <value>
                <![CDATA[12345]]>
              </value>
            </param>
            <param index="2">
              <value>
                <![CDATA[07/05/2025]]>
              </value>
            </param>
            <param index="3">
              <value>
                <![CDATA[08/05/2025]]>
              </value>
            </param>
            <param index="4">
              <value>
                <![CDATA[Adactin.com - Book A Hotel]]>
              </value>
            </param>
            <param index="5">
              <value>
                <![CDATA[validtest]]>
              </value>
            </param>
          </params>
          <reporter-output>
          </reporter-output>
        </test-method> <!-- selectHotelTest -->
        <test-method is-config="true" signature="browserclose()[pri:0, instance:tests.TC004_SelectAHotelTest@6aeb35e6]" started-at="2025-05-16T18:38:51 IST" name="browserclose" finished-at="2025-05-16T18:38:53 IST" duration-ms="2353" status="PASS">
          <reporter-output>
          </reporter-output>
        </test-method> <!-- browserclose -->
        <test-method is-config="true" signature="launchAndLoadingURL(java.lang.String,java.lang.String)[pri:0, instance:tests.TC004_SelectAHotelTest@6aeb35e6]" started-at="2025-05-16T18:38:53 IST" name="launchAndLoadingURL" finished-at="2025-05-16T18:38:57 IST" duration-ms="3245" status="PASS">
          <params>
            <param index="0">
              <value>
                <![CDATA[chrome]]>
              </value>
            </param>
            <param index="1">
              <value>
                <![CDATA[https://adactinhotelapp.com/]]>
              </value>
            </param>
          </params>
          <reporter-output>
          </reporter-output>
        </test-method> <!-- launchAndLoadingURL -->
        <test-method signature="selectHotelTest(java.lang.String,java.lang.String,java.lang.String,java.lang.String,java.lang.String,java.lang.String)[pri:0, instance:tests.TC004_SelectAHotelTest@6aeb35e6]" started-at="2025-05-16T18:38:57 IST" name="selectHotelTest" data-provider="readData" finished-at="2025-05-16T18:39:04 IST" duration-ms="6866" status="PASS">
          <params>
            <param index="0">
              <value>
                <![CDATA[Mukilanru1898]]>
              </value>
            </param>
            <param index="1">
              <value>
                <![CDATA[12345]]>
              </value>
            </param>
            <param index="2">
              <value>
                <![CDATA[07/05/2025]]>
              </value>
            </param>
            <param index="3">
              <value>
                <![CDATA[08/05/2025]]>
              </value>
            </param>
            <param index="4">
              <value>
                <![CDATA[Please Select a Hotel]]>
              </value>
            </param>
            <param index="5">
              <value>
                <![CDATA[invalidtest]]>
              </value>
            </param>
          </params>
          <reporter-output>
          </reporter-output>
        </test-method> <!-- selectHotelTest -->
        <test-method is-config="true" signature="browserclose()[pri:0, instance:tests.TC004_SelectAHotelTest@6aeb35e6]" started-at="2025-05-16T18:39:04 IST" name="browserclose" finished-at="2025-05-16T18:39:06 IST" duration-ms="2385" status="PASS">
          <reporter-output>
          </reporter-output>
        </test-method> <!-- browserclose -->
      </class> <!-- tests.TC004_SelectAHotelTest -->
      <class name="tests.TC001_NewRegisterationTest">
        <test-method is-config="true" signature="reportInitilization()[pri:0, instance:tests.TC001_NewRegisterationTest@2f9f7dcf]" started-at="2025-05-16T18:37:01 IST" name="reportInitilization" finished-at="2025-05-16T18:37:01 IST" duration-ms="165" status="PASS">
          <reporter-output>
          </reporter-output>
        </test-method> <!-- reportInitilization -->
        <test-method is-config="true" signature="setup()[pri:0, instance:tests.TC001_NewRegisterationTest@2f9f7dcf]" started-at="2025-05-16T18:37:01 IST" name="setup" finished-at="2025-05-16T18:37:01 IST" duration-ms="1" status="PASS">
          <reporter-output>
          </reporter-output>
        </test-method> <!-- setup -->
        <test-method is-config="true" signature="testDetails()[pri:0, instance:tests.TC001_NewRegisterationTest@2f9f7dcf]" started-at="2025-05-16T18:37:01 IST" name="testDetails" finished-at="2025-05-16T18:37:01 IST" duration-ms="5" status="PASS">
          <reporter-output>
          </reporter-output>
        </test-method> <!-- testDetails -->
        <test-method is-config="true" signature="launchAndLoadingURL(java.lang.String,java.lang.String)[pri:0, instance:tests.TC001_NewRegisterationTest@2f9f7dcf]" started-at="2025-05-16T18:37:02 IST" name="launchAndLoadingURL" finished-at="2025-05-16T18:37:06 IST" duration-ms="4462" status="PASS">
          <params>
            <param index="0">
              <value>
                <![CDATA[chrome]]>
              </value>
            </param>
            <param index="1">
              <value>
                <![CDATA[https://adactinhotelapp.com/]]>
              </value>
            </param>
          </params>
          <reporter-output>
          </reporter-output>
        </test-method> <!-- launchAndLoadingURL -->
        <test-method signature="newRegisterTest(java.lang.String,java.lang.String,java.lang.String,java.lang.String,java.lang.String,java.lang.String,java.lang.String)[pri:0, instance:tests.TC001_NewRegisterationTest@2f9f7dcf]" started-at="2025-05-16T18:37:06 IST" name="newRegisterTest" data-provider="readData" finished-at="2025-05-16T18:37:31 IST" duration-ms="25196" status="PASS">
          <params>
            <param index="0">
              <value>
                <![CDATA[JohnDoe001]]>
              </value>
            </param>
            <param index="1">
              <value>
                <![CDATA[pass@123]]>
              </value>
            </param>
            <param index="2">
              <value>
                <![CDATA[pass@123]]>
              </value>
            </param>
            <param index="3">
              <value>
                <![CDATA[Tester]]>
              </value>
            </param>
            <param index="4">
              <value>
                <![CDATA[johndoe001@gmail.com]]>
              </value>
            </param>
            <param index="5">
              <value>
                <![CDATA[Click here to login]]>
              </value>
            </param>
            <param index="6">
              <value>
                <![CDATA[ValidTest]]>
              </value>
            </param>
          </params>
          <reporter-output>
          </reporter-output>
        </test-method> <!-- newRegisterTest -->
        <test-method is-config="true" signature="browserclose()[pri:0, instance:tests.TC001_NewRegisterationTest@2f9f7dcf]" started-at="2025-05-16T18:37:32 IST" name="browserclose" finished-at="2025-05-16T18:37:34 IST" duration-ms="2430" status="PASS">
          <reporter-output>
          </reporter-output>
        </test-method> <!-- browserclose -->
        <test-method is-config="true" signature="launchAndLoadingURL(java.lang.String,java.lang.String)[pri:0, instance:tests.TC001_NewRegisterationTest@2f9f7dcf]" started-at="2025-05-16T18:37:34 IST" name="launchAndLoadingURL" finished-at="2025-05-16T18:37:37 IST" duration-ms="3246" status="PASS">
          <params>
            <param index="0">
              <value>
                <![CDATA[chrome]]>
              </value>
            </param>
            <param index="1">
              <value>
                <![CDATA[https://adactinhotelapp.com/]]>
              </value>
            </param>
          </params>
          <reporter-output>
          </reporter-output>
        </test-method> <!-- launchAndLoadingURL -->
        <test-method signature="newRegisterTest(java.lang.String,java.lang.String,java.lang.String,java.lang.String,java.lang.String,java.lang.String,java.lang.String)[pri:0, instance:tests.TC001_NewRegisterationTest@2f9f7dcf]" started-at="2025-05-16T18:37:37 IST" name="newRegisterTest" data-provider="readData" finished-at="2025-05-16T18:37:51 IST" duration-ms="13980" status="PASS">
          <params>
            <param index="0">
              <value>
                <![CDATA[JaneDoe001]]>
              </value>
            </param>
            <param index="1">
              <value>
                <![CDATA[pass@123]]>
              </value>
            </param>
            <param index="2">
              <value>
                <![CDATA[pass@123]]>
              </value>
            </param>
            <param index="3">
              <value>
                <![CDATA[Tester]]>
              </value>
            </param>
            <param index="4">
              <value>
                <![CDATA[johndoe001.com]]>
              </value>
            </param>
            <param index="5">
              <value>
                <![CDATA[Invalid email, Please enter correct email.]]>
              </value>
            </param>
            <param index="6">
              <value>
                <![CDATA[InvalidTest]]>
              </value>
            </param>
          </params>
          <reporter-output>
          </reporter-output>
        </test-method> <!-- newRegisterTest -->
        <test-method is-config="true" signature="browserclose()[pri:0, instance:tests.TC001_NewRegisterationTest@2f9f7dcf]" started-at="2025-05-16T18:37:51 IST" name="browserclose" finished-at="2025-05-16T18:37:53 IST" duration-ms="2327" status="PASS">
          <reporter-output>
          </reporter-output>
        </test-method> <!-- browserclose -->
        <test-method is-config="true" signature="closereport()[pri:0, instance:tests.TC001_NewRegisterationTest@2f9f7dcf]" started-at="2025-05-16T18:42:25 IST" name="closereport" finished-at="2025-05-16T18:42:26 IST" duration-ms="189" status="PASS">
          <reporter-output>
          </reporter-output>
        </test-method> <!-- closereport -->
      </class> <!-- tests.TC001_NewRegisterationTest -->
    </test> <!-- ChromeTest -->
  </suite> <!-- Suite -->
</testng-results>
