<?xml version="1.0" encoding="UTF-8"?>
<testng-results ignored="0" total="14" passed="14" failed="0" skipped="0">
  <reporter-output>
    <line>
      <![CDATA[Registeration Successful]]>
    </line>
    <line>
      <![CDATA[Registeration not successful due to invalid data]]>
    </line>
    <line>
      <![CDATA[Login Successful]]>
    </line>
    <line>
      <![CDATA[Login not successful with invalid data]]>
    </line>
    <line>
      <![CDATA[Search Hotel Function Completed With Valid Details]]>
    </line>
    <line>
      <![CDATA[Search Hotel Function Completed Due To Error]]>
    </line>
    <line>
      <![CDATA[Select Hotel Function Completed With Valid Details]]>
    </line>
    <line>
      <![CDATA[Select Hotel Function Not Completed Due To Error]]>
    </line>
    <line>
      <![CDATA[Hotel Booked Successfully ]]>
    </line>
    <line>
      <![CDATA[Hotel Booking Was Successfull Due To Error ]]>
    </line>
    <line>
      <![CDATA[Cancel hotel by select function verified]]>
    </line>
    <line>
      <![CDATA[Cancel hotel by a single itienerary function verified]]>
    </line>
    <line>
      <![CDATA[Cancel Confirmation Verified]]>
    </line>
    <line>
      <![CDATA[Valid search function verified]]>
    </line>
    <line>
      <![CDATA[Invalid search function verified]]>
    </line>
    <line>
      <![CDATA[Logout Successful]]>
    </line>
  </reporter-output>
  <suite started-at="2025-06-06T16:52:48 IST" name="Suite" finished-at="2025-06-06T16:57:29 IST" duration-ms="280438">
    <groups>
    </groups>
    <test started-at="2025-06-06T16:52:48 IST" name="ChromeTest" finished-at="2025-06-06T16:57:29 IST" duration-ms="280438">
      <class name="tests.TC002_Login_Test">
        <test-method is-config="true" signature="setup()[pri:0, instance:tests.TC002_Login_Test@ba2f4ec]" started-at="2025-06-06T16:52:48 IST" name="setup" finished-at="2025-06-06T16:52:48 IST" duration-ms="0" status="PASS">
          <reporter-output>
          </reporter-output>
        </test-method> <!-- setup -->
        <test-method is-config="true" signature="testDetails()[pri:0, instance:tests.TC002_Login_Test@ba2f4ec]" started-at="2025-06-06T16:53:39 IST" name="testDetails" finished-at="2025-06-06T16:53:39 IST" duration-ms="0" status="PASS">
          <reporter-output>
          </reporter-output>
        </test-method> <!-- testDetails -->
        <test-method is-config="true" signature="launchAndLoadingURL(java.lang.String,java.lang.String)[pri:0, instance:tests.TC002_Login_Test@ba2f4ec]" started-at="2025-06-06T16:53:39 IST" name="launchAndLoadingURL" finished-at="2025-06-06T16:53:42 IST" duration-ms="3328" status="PASS">
          <params>
            <param index="0">
              <value>
                <![CDATA[chrome]]>
              </value>
            </param>
            <param index="1">
              <value>
                <![CDATA[https://adactinhotelapp.com/]]>
              </value>
            </param>
          </params>
          <reporter-output>
          </reporter-output>
        </test-method> <!-- launchAndLoadingURL -->
        <test-method signature="loginTest(java.lang.String,java.lang.String,java.lang.String,java.lang.String)[pri:0, instance:tests.TC002_Login_Test@ba2f4ec]" started-at="2025-06-06T16:53:42 IST" name="loginTest" data-provider="readData" finished-at="2025-06-06T16:53:45 IST" duration-ms="2684" status="PASS">
          <params>
            <param index="0">
              <value>
                <![CDATA[Mukilanru1898]]>
              </value>
            </param>
            <param index="1">
              <value>
                <![CDATA[12345]]>
              </value>
            </param>
            <param index="2">
              <value>
                <![CDATA[Hello Mukilanru1898!]]>
              </value>
            </param>
            <param index="3">
              <value>
                <![CDATA[ValidTest]]>
              </value>
            </param>
          </params>
          <reporter-output>
            <line>
              <![CDATA[Login Successful]]>
            </line>
          </reporter-output>
        </test-method> <!-- loginTest -->
        <test-method is-config="true" signature="browserclose()[pri:0, instance:tests.TC002_Login_Test@ba2f4ec]" started-at="2025-06-06T16:53:45 IST" name="browserclose" finished-at="2025-06-06T16:53:47 IST" duration-ms="2134" status="PASS">
          <reporter-output>
          </reporter-output>
        </test-method> <!-- browserclose -->
        <test-method is-config="true" signature="launchAndLoadingURL(java.lang.String,java.lang.String)[pri:0, instance:tests.TC002_Login_Test@ba2f4ec]" started-at="2025-06-06T16:53:47 IST" name="launchAndLoadingURL" finished-at="2025-06-06T16:53:50 IST" duration-ms="3218" status="PASS">
          <params>
            <param index="0">
              <value>
                <![CDATA[chrome]]>
              </value>
            </param>
            <param index="1">
              <value>
                <![CDATA[https://adactinhotelapp.com/]]>
              </value>
            </param>
          </params>
          <reporter-output>
          </reporter-output>
        </test-method> <!-- launchAndLoadingURL -->
        <test-method signature="loginTest(java.lang.String,java.lang.String,java.lang.String,java.lang.String)[pri:0, instance:tests.TC002_Login_Test@ba2f4ec]" started-at="2025-06-06T16:53:50 IST" name="loginTest" data-provider="readData" finished-at="2025-06-06T16:53:53 IST" duration-ms="2481" status="PASS">
          <params>
            <param index="0">
              <value>
                <![CDATA[Mukilanru1898]]>
              </value>
            </param>
            <param index="1">
              <value>
                <![CDATA[12346]]>
              </value>
            </param>
            <param index="2">
              <value>
                <![CDATA[Invalid Login details or Your Password might have expired. Click here to reset your password]]>
              </value>
            </param>
            <param index="3">
              <value>
                <![CDATA[InvalidTest]]>
              </value>
            </param>
          </params>
          <reporter-output>
            <line>
              <![CDATA[Login not successful with invalid data]]>
            </line>
          </reporter-output>
        </test-method> <!-- loginTest -->
        <test-method is-config="true" signature="browserclose()[pri:0, instance:tests.TC002_Login_Test@ba2f4ec]" started-at="2025-06-06T16:53:53 IST" name="browserclose" finished-at="2025-06-06T16:53:55 IST" duration-ms="2169" status="PASS">
          <reporter-output>
          </reporter-output>
        </test-method> <!-- browserclose -->
      </class> <!-- tests.TC002_Login_Test -->
      <class name="tests.TC008_LogoutTest">
        <test-method is-config="true" signature="setup()[pri:0, instance:tests.TC008_LogoutTest@7a8c8dcf]" started-at="2025-06-06T16:52:48 IST" name="setup" finished-at="2025-06-06T16:52:48 IST" duration-ms="1" status="PASS">
          <reporter-output>
          </reporter-output>
        </test-method> <!-- setup -->
        <test-method is-config="true" signature="testDetails()[pri:0, instance:tests.TC008_LogoutTest@7a8c8dcf]" started-at="2025-06-06T16:57:18 IST" name="testDetails" finished-at="2025-06-06T16:57:18 IST" duration-ms="0" status="PASS">
          <reporter-output>
          </reporter-output>
        </test-method> <!-- testDetails -->
        <test-method is-config="true" signature="launchAndLoadingURL(java.lang.String,java.lang.String)[pri:0, instance:tests.TC008_LogoutTest@7a8c8dcf]" started-at="2025-06-06T16:57:18 IST" name="launchAndLoadingURL" finished-at="2025-06-06T16:57:22 IST" duration-ms="3493" status="PASS">
          <params>
            <param index="0">
              <value>
                <![CDATA[chrome]]>
              </value>
            </param>
            <param index="1">
              <value>
                <![CDATA[https://adactinhotelapp.com/]]>
              </value>
            </param>
          </params>
          <reporter-output>
          </reporter-output>
        </test-method> <!-- launchAndLoadingURL -->
        <test-method signature="logoutTest(java.lang.String,java.lang.String,java.lang.String)[pri:0, instance:tests.TC008_LogoutTest@7a8c8dcf]" started-at="2025-06-06T16:57:22 IST" name="logoutTest" data-provider="readData" finished-at="2025-06-06T16:57:27 IST" duration-ms="5010" status="PASS">
          <params>
            <param index="0">
              <value>
                <![CDATA[Mukilanru1898]]>
              </value>
            </param>
            <param index="1">
              <value>
                <![CDATA[12345]]>
              </value>
            </param>
            <param index="2">
              <value>
                <![CDATA[You have successfully logged out. Click here to login again]]>
              </value>
            </param>
          </params>
          <reporter-output>
            <line>
              <![CDATA[Logout Successful]]>
            </line>
          </reporter-output>
        </test-method> <!-- logoutTest -->
        <test-method is-config="true" signature="browserclose()[pri:0, instance:tests.TC008_LogoutTest@7a8c8dcf]" started-at="2025-06-06T16:57:27 IST" name="browserclose" finished-at="2025-06-06T16:57:29 IST" duration-ms="2188" status="PASS">
          <reporter-output>
          </reporter-output>
        </test-method> <!-- browserclose -->
      </class> <!-- tests.TC008_LogoutTest -->
      <class name="tests.TC006_CancelHotelTest">
        <test-method is-config="true" signature="setup()[pri:0, instance:tests.TC006_CancelHotelTest@1ce24091]" started-at="2025-06-06T16:52:48 IST" name="setup" finished-at="2025-06-06T16:52:48 IST" duration-ms="0" status="PASS">
          <reporter-output>
          </reporter-output>
        </test-method> <!-- setup -->
        <test-method is-config="true" signature="testDetails()[pri:0, instance:tests.TC006_CancelHotelTest@1ce24091]" started-at="2025-06-06T16:55:10 IST" name="testDetails" finished-at="2025-06-06T16:55:10 IST" duration-ms="0" status="PASS">
          <reporter-output>
          </reporter-output>
        </test-method> <!-- testDetails -->
        <test-method is-config="true" signature="launchAndLoadingURL(java.lang.String,java.lang.String)[pri:0, instance:tests.TC006_CancelHotelTest@1ce24091]" started-at="2025-06-06T16:55:10 IST" name="launchAndLoadingURL" finished-at="2025-06-06T16:55:13 IST" duration-ms="3187" status="PASS">
          <params>
            <param index="0">
              <value>
                <![CDATA[chrome]]>
              </value>
            </param>
            <param index="1">
              <value>
                <![CDATA[https://adactinhotelapp.com/]]>
              </value>
            </param>
          </params>
          <reporter-output>
          </reporter-output>
        </test-method> <!-- launchAndLoadingURL -->
        <test-method signature="cancelHotelTest(java.lang.String,java.lang.String,java.lang.String)[pri:0, instance:tests.TC006_CancelHotelTest@1ce24091]" started-at="2025-06-06T16:55:13 IST" name="cancelHotelTest" data-provider="readData" finished-at="2025-06-06T16:55:55 IST" duration-ms="42245" status="PASS">
          <params>
            <param index="0">
              <value>
                <![CDATA[Mukilanru1898]]>
              </value>
            </param>
            <param index="1">
              <value>
                <![CDATA[12345]]>
              </value>
            </param>
            <param index="2">
              <value>
                <![CDATA[The booking has been cancelled.]]>
              </value>
            </param>
          </params>
          <reporter-output>
            <line>
              <![CDATA[Cancel hotel by select function verified]]>
            </line>
            <line>
              <![CDATA[Cancel hotel by a single itienerary function verified]]>
            </line>
            <line>
              <![CDATA[Cancel Confirmation Verified]]>
            </line>
          </reporter-output>
        </test-method> <!-- cancelHotelTest -->
        <test-method is-config="true" signature="browserclose()[pri:0, instance:tests.TC006_CancelHotelTest@1ce24091]" started-at="2025-06-06T16:55:55 IST" name="browserclose" finished-at="2025-06-06T16:55:58 IST" duration-ms="2175" status="PASS">
          <reporter-output>
          </reporter-output>
        </test-method> <!-- browserclose -->
      </class> <!-- tests.TC006_CancelHotelTest -->
      <class name="tests.TC005_BookAHotelTest">
        <test-method is-config="true" signature="setup()[pri:0, instance:tests.TC005_BookAHotelTest@fbd1f6]" started-at="2025-06-06T16:52:48 IST" name="setup" finished-at="2025-06-06T16:52:48 IST" duration-ms="0" status="PASS">
          <reporter-output>
          </reporter-output>
        </test-method> <!-- setup -->
        <test-method is-config="true" signature="testDetails()[pri:0, instance:tests.TC005_BookAHotelTest@fbd1f6]" started-at="2025-06-06T16:54:38 IST" name="testDetails" finished-at="2025-06-06T16:54:38 IST" duration-ms="1" status="PASS">
          <reporter-output>
          </reporter-output>
        </test-method> <!-- testDetails -->
        <test-method is-config="true" signature="launchAndLoadingURL(java.lang.String,java.lang.String)[pri:0, instance:tests.TC005_BookAHotelTest@fbd1f6]" started-at="2025-06-06T16:54:38 IST" name="launchAndLoadingURL" finished-at="2025-06-06T16:54:41 IST" duration-ms="3012" status="PASS">
          <params>
            <param index="0">
              <value>
                <![CDATA[chrome]]>
              </value>
            </param>
            <param index="1">
              <value>
                <![CDATA[https://adactinhotelapp.com/]]>
              </value>
            </param>
          </params>
          <reporter-output>
          </reporter-output>
        </test-method> <!-- launchAndLoadingURL -->
        <test-method signature="bookAHotelTest(java.lang.String,java.lang.String,java.lang.String,java.lang.String,java.lang.String,java.lang.String,java.lang.String,java.lang.String,java.lang.String,java.lang.String,java.lang.String)[pri:0, instance:tests.TC005_BookAHotelTest@fbd1f6]" started-at="2025-06-06T16:54:41 IST" name="bookAHotelTest" data-provider="readData" finished-at="2025-06-06T16:54:54 IST" duration-ms="13465" status="PASS">
          <params>
            <param index="0">
              <value>
                <![CDATA[Mukilanru1898]]>
              </value>
            </param>
            <param index="1">
              <value>
                <![CDATA[12345]]>
              </value>
            </param>
            <param index="2">
              <value>
                <![CDATA[07/05/2025]]>
              </value>
            </param>
            <param index="3">
              <value>
                <![CDATA[08/05/2025]]>
              </value>
            </param>
            <param index="4">
              <value>
                <![CDATA[John]]>
              </value>
            </param>
            <param index="5">
              <value>
                <![CDATA[Doe]]>
              </value>
            </param>
            <param index="6">
              <value>
                <![CDATA[california]]>
              </value>
            </param>
            <param index="7">
              <value>
                <![CDATA[1234123412341234]]>
              </value>
            </param>
            <param index="8">
              <value>
                <![CDATA[123]]>
              </value>
            </param>
            <param index="9">
              <value>
                <![CDATA[nil]]>
              </value>
            </param>
            <param index="10">
              <value>
                <![CDATA[validtest]]>
              </value>
            </param>
          </params>
          <reporter-output>
            <line>
              <![CDATA[Hotel Booked Successfully ]]>
            </line>
          </reporter-output>
        </test-method> <!-- bookAHotelTest -->
        <test-method is-config="true" signature="browserclose()[pri:0, instance:tests.TC005_BookAHotelTest@fbd1f6]" started-at="2025-06-06T16:54:54 IST" name="browserclose" finished-at="2025-06-06T16:54:57 IST" duration-ms="2136" status="PASS">
          <reporter-output>
          </reporter-output>
        </test-method> <!-- browserclose -->
        <test-method is-config="true" signature="launchAndLoadingURL(java.lang.String,java.lang.String)[pri:0, instance:tests.TC005_BookAHotelTest@fbd1f6]" started-at="2025-06-06T16:54:57 IST" name="launchAndLoadingURL" finished-at="2025-06-06T16:55:00 IST" duration-ms="3602" status="PASS">
          <params>
            <param index="0">
              <value>
                <![CDATA[chrome]]>
              </value>
            </param>
            <param index="1">
              <value>
                <![CDATA[https://adactinhotelapp.com/]]>
              </value>
            </param>
          </params>
          <reporter-output>
          </reporter-output>
        </test-method> <!-- launchAndLoadingURL -->
        <test-method signature="bookAHotelTest(java.lang.String,java.lang.String,java.lang.String,java.lang.String,java.lang.String,java.lang.String,java.lang.String,java.lang.String,java.lang.String,java.lang.String,java.lang.String)[pri:0, instance:tests.TC005_BookAHotelTest@fbd1f6]" started-at="2025-06-06T16:55:00 IST" name="bookAHotelTest" data-provider="readData" finished-at="2025-06-06T16:55:08 IST" duration-ms="7730" status="PASS">
          <params>
            <param index="0">
              <value>
                <![CDATA[Mukilanru1898]]>
              </value>
            </param>
            <param index="1">
              <value>
                <![CDATA[12345]]>
              </value>
            </param>
            <param index="2">
              <value>
                <![CDATA[07/05/2025]]>
              </value>
            </param>
            <param index="3">
              <value>
                <![CDATA[08/05/2025]]>
              </value>
            </param>
            <param index="4">
              <value>
                <![CDATA[Jane]]>
              </value>
            </param>
            <param index="5">
              <value>
                <![CDATA[Doe]]>
              </value>
            </param>
            <param index="6">
              <value>
                <![CDATA[california]]>
              </value>
            </param>
            <param index="7">
              <value>
                <![CDATA[1234]]>
              </value>
            </param>
            <param index="8">
              <value>
                <![CDATA[123]]>
              </value>
            </param>
            <param index="9">
              <value>
                <![CDATA[Please Enter your 16 Digit Credit Card Number]]>
              </value>
            </param>
            <param index="10">
              <value>
                <![CDATA[invalidtest]]>
              </value>
            </param>
          </params>
          <reporter-output>
            <line>
              <![CDATA[Hotel Booking Was Successfull Due To Error ]]>
            </line>
          </reporter-output>
        </test-method> <!-- bookAHotelTest -->
        <test-method is-config="true" signature="browserclose()[pri:0, instance:tests.TC005_BookAHotelTest@fbd1f6]" started-at="2025-06-06T16:55:08 IST" name="browserclose" finished-at="2025-06-06T16:55:10 IST" duration-ms="2177" status="PASS">
          <reporter-output>
          </reporter-output>
        </test-method> <!-- browserclose -->
      </class> <!-- tests.TC005_BookAHotelTest -->
      <class name="tests.TC007_SearchTest">
        <test-method is-config="true" signature="setup()[pri:0, instance:tests.TC007_SearchTest@5dda768f]" started-at="2025-06-06T16:52:48 IST" name="setup" finished-at="2025-06-06T16:52:48 IST" duration-ms="0" status="PASS">
          <reporter-output>
          </reporter-output>
        </test-method> <!-- setup -->
        <test-method is-config="true" signature="testDetails()[pri:0, instance:tests.TC007_SearchTest@5dda768f]" started-at="2025-06-06T16:55:58 IST" name="testDetails" finished-at="2025-06-06T16:55:58 IST" duration-ms="0" status="PASS">
          <reporter-output>
          </reporter-output>
        </test-method> <!-- testDetails -->
        <test-method is-config="true" signature="launchAndLoadingURL(java.lang.String,java.lang.String)[pri:0, instance:tests.TC007_SearchTest@5dda768f]" started-at="2025-06-06T16:55:58 IST" name="launchAndLoadingURL" finished-at="2025-06-06T16:56:01 IST" duration-ms="3424" status="PASS">
          <params>
            <param index="0">
              <value>
                <![CDATA[chrome]]>
              </value>
            </param>
            <param index="1">
              <value>
                <![CDATA[https://adactinhotelapp.com/]]>
              </value>
            </param>
          </params>
          <reporter-output>
          </reporter-output>
        </test-method> <!-- launchAndLoadingURL -->
        <test-method signature="searchFunctionTest(java.lang.String,java.lang.String,java.lang.String,java.lang.String)[pri:0, instance:tests.TC007_SearchTest@5dda768f]" started-at="2025-06-06T16:56:01 IST" name="searchFunctionTest" data-provider="readData" finished-at="2025-06-06T16:56:42 IST" duration-ms="40753" status="PASS">
          <params>
            <param index="0">
              <value>
                <![CDATA[Mukilanru1898]]>
              </value>
            </param>
            <param index="1">
              <value>
                <![CDATA[12345]]>
              </value>
            </param>
            <param index="2">
              <value>
                <![CDATA[1 result(s) found. Show all]]>
              </value>
            </param>
            <param index="3">
              <value>
                <![CDATA[validtest]]>
              </value>
            </param>
          </params>
          <reporter-output>
            <line>
              <![CDATA[Valid search function verified]]>
            </line>
          </reporter-output>
        </test-method> <!-- searchFunctionTest -->
        <test-method is-config="true" signature="browserclose()[pri:0, instance:tests.TC007_SearchTest@5dda768f]" started-at="2025-06-06T16:56:42 IST" name="browserclose" finished-at="2025-06-06T16:56:44 IST" duration-ms="2206" status="PASS">
          <reporter-output>
          </reporter-output>
        </test-method> <!-- browserclose -->
        <test-method is-config="true" signature="launchAndLoadingURL(java.lang.String,java.lang.String)[pri:0, instance:tests.TC007_SearchTest@5dda768f]" started-at="2025-06-06T16:56:44 IST" name="launchAndLoadingURL" finished-at="2025-06-06T16:56:47 IST" duration-ms="3433" status="PASS">
          <params>
            <param index="0">
              <value>
                <![CDATA[chrome]]>
              </value>
            </param>
            <param index="1">
              <value>
                <![CDATA[https://adactinhotelapp.com/]]>
              </value>
            </param>
          </params>
          <reporter-output>
          </reporter-output>
        </test-method> <!-- launchAndLoadingURL -->
        <test-method signature="searchFunctionTest(java.lang.String,java.lang.String,java.lang.String,java.lang.String)[pri:0, instance:tests.TC007_SearchTest@5dda768f]" started-at="2025-06-06T16:56:47 IST" name="searchFunctionTest" data-provider="readData" finished-at="2025-06-06T16:57:16 IST" duration-ms="28470" status="PASS">
          <params>
            <param index="0">
              <value>
                <![CDATA[Mukilanru1898]]>
              </value>
            </param>
            <param index="1">
              <value>
                <![CDATA[12345]]>
              </value>
            </param>
            <param index="2">
              <value>
                <![CDATA[0 result(s) found. Show all]]>
              </value>
            </param>
            <param index="3">
              <value>
                <![CDATA[invalidtest]]>
              </value>
            </param>
          </params>
          <reporter-output>
            <line>
              <![CDATA[Invalid search function verified]]>
            </line>
          </reporter-output>
        </test-method> <!-- searchFunctionTest -->
        <test-method is-config="true" signature="browserclose()[pri:0, instance:tests.TC007_SearchTest@5dda768f]" started-at="2025-06-06T16:57:16 IST" name="browserclose" finished-at="2025-06-06T16:57:18 IST" duration-ms="2187" status="PASS">
          <reporter-output>
          </reporter-output>
        </test-method> <!-- browserclose -->
      </class> <!-- tests.TC007_SearchTest -->
      <class name="tests.TC003_SearchAHotel">
        <test-method is-config="true" signature="setup()[pri:0, instance:tests.TC003_SearchAHotel@1c1bbc4e]" started-at="2025-06-06T16:52:48 IST" name="setup" finished-at="2025-06-06T16:52:48 IST" duration-ms="0" status="PASS">
          <reporter-output>
          </reporter-output>
        </test-method> <!-- setup -->
        <test-method is-config="true" signature="testDetails()[pri:0, instance:tests.TC003_SearchAHotel@1c1bbc4e]" started-at="2025-06-06T16:53:55 IST" name="testDetails" finished-at="2025-06-06T16:53:55 IST" duration-ms="0" status="PASS">
          <reporter-output>
          </reporter-output>
        </test-method> <!-- testDetails -->
        <test-method is-config="true" signature="launchAndLoadingURL(java.lang.String,java.lang.String)[pri:0, instance:tests.TC003_SearchAHotel@1c1bbc4e]" started-at="2025-06-06T16:53:55 IST" name="launchAndLoadingURL" finished-at="2025-06-06T16:53:58 IST" duration-ms="3320" status="PASS">
          <params>
            <param index="0">
              <value>
                <![CDATA[chrome]]>
              </value>
            </param>
            <param index="1">
              <value>
                <![CDATA[https://adactinhotelapp.com/]]>
              </value>
            </param>
          </params>
          <reporter-output>
          </reporter-output>
        </test-method> <!-- launchAndLoadingURL -->
        <test-method signature="bookHotelTest(java.lang.String,java.lang.String,java.lang.String,java.lang.String,java.lang.String,java.lang.String)[pri:0, instance:tests.TC003_SearchAHotel@1c1bbc4e]" started-at="2025-06-06T16:53:58 IST" name="bookHotelTest" data-provider="readData" finished-at="2025-06-06T16:54:03 IST" duration-ms="5057" status="PASS">
          <params>
            <param index="0">
              <value>
                <![CDATA[Mukilanru1898]]>
              </value>
            </param>
            <param index="1">
              <value>
                <![CDATA[12345]]>
              </value>
            </param>
            <param index="2">
              <value>
                <![CDATA[07/05/2025]]>
              </value>
            </param>
            <param index="3">
              <value>
                <![CDATA[08/05/2025]]>
              </value>
            </param>
            <param index="4">
              <value>
                <![CDATA[Select Hotel]]>
              </value>
            </param>
            <param index="5">
              <value>
                <![CDATA[validtest]]>
              </value>
            </param>
          </params>
          <reporter-output>
            <line>
              <![CDATA[Search Hotel Function Completed With Valid Details]]>
            </line>
          </reporter-output>
        </test-method> <!-- bookHotelTest -->
        <test-method is-config="true" signature="browserclose()[pri:0, instance:tests.TC003_SearchAHotel@1c1bbc4e]" started-at="2025-06-06T16:54:03 IST" name="browserclose" finished-at="2025-06-06T16:54:06 IST" duration-ms="2115" status="PASS">
          <reporter-output>
          </reporter-output>
        </test-method> <!-- browserclose -->
        <test-method is-config="true" signature="launchAndLoadingURL(java.lang.String,java.lang.String)[pri:0, instance:tests.TC003_SearchAHotel@1c1bbc4e]" started-at="2025-06-06T16:54:06 IST" name="launchAndLoadingURL" finished-at="2025-06-06T16:54:09 IST" duration-ms="3146" status="PASS">
          <params>
            <param index="0">
              <value>
                <![CDATA[chrome]]>
              </value>
            </param>
            <param index="1">
              <value>
                <![CDATA[https://adactinhotelapp.com/]]>
              </value>
            </param>
          </params>
          <reporter-output>
          </reporter-output>
        </test-method> <!-- launchAndLoadingURL -->
        <test-method signature="bookHotelTest(java.lang.String,java.lang.String,java.lang.String,java.lang.String,java.lang.String,java.lang.String)[pri:0, instance:tests.TC003_SearchAHotel@1c1bbc4e]" started-at="2025-06-06T16:54:09 IST" name="bookHotelTest" data-provider="readData" finished-at="2025-06-06T16:54:14 IST" duration-ms="5225" status="PASS">
          <params>
            <param index="0">
              <value>
                <![CDATA[Mukilanru1898]]>
              </value>
            </param>
            <param index="1">
              <value>
                <![CDATA[12345]]>
              </value>
            </param>
            <param index="2">
              <value>
                <![CDATA[09/05/2025]]>
              </value>
            </param>
            <param index="3">
              <value>
                <![CDATA[08/05/2025]]>
              </value>
            </param>
            <param index="4">
              <value>
                <![CDATA[Check-In Date shall be before than Check-Out Date]]>
              </value>
            </param>
            <param index="5">
              <value>
                <![CDATA[invalidtest]]>
              </value>
            </param>
          </params>
          <reporter-output>
            <line>
              <![CDATA[Search Hotel Function Completed Due To Error]]>
            </line>
          </reporter-output>
        </test-method> <!-- bookHotelTest -->
        <test-method is-config="true" signature="browserclose()[pri:0, instance:tests.TC003_SearchAHotel@1c1bbc4e]" started-at="2025-06-06T16:54:14 IST" name="browserclose" finished-at="2025-06-06T16:54:16 IST" duration-ms="2128" status="PASS">
          <reporter-output>
          </reporter-output>
        </test-method> <!-- browserclose -->
      </class> <!-- tests.TC003_SearchAHotel -->
      <class name="tests.TC004_SelectAHotelTest">
        <test-method is-config="true" signature="setup()[pri:0, instance:tests.TC004_SelectAHotelTest@55fe41ea]" started-at="2025-06-06T16:52:48 IST" name="setup" finished-at="2025-06-06T16:52:48 IST" duration-ms="0" status="PASS">
          <reporter-output>
          </reporter-output>
        </test-method> <!-- setup -->
        <test-method is-config="true" signature="testDetails()[pri:0, instance:tests.TC004_SelectAHotelTest@55fe41ea]" started-at="2025-06-06T16:54:16 IST" name="testDetails" finished-at="2025-06-06T16:54:16 IST" duration-ms="1" status="PASS">
          <reporter-output>
          </reporter-output>
        </test-method> <!-- testDetails -->
        <test-method is-config="true" signature="launchAndLoadingURL(java.lang.String,java.lang.String)[pri:0, instance:tests.TC004_SelectAHotelTest@55fe41ea]" started-at="2025-06-06T16:54:16 IST" name="launchAndLoadingURL" finished-at="2025-06-06T16:54:19 IST" duration-ms="2955" status="PASS">
          <params>
            <param index="0">
              <value>
                <![CDATA[chrome]]>
              </value>
            </param>
            <param index="1">
              <value>
                <![CDATA[https://adactinhotelapp.com/]]>
              </value>
            </param>
          </params>
          <reporter-output>
          </reporter-output>
        </test-method> <!-- launchAndLoadingURL -->
        <test-method signature="selectHotelTest(java.lang.String,java.lang.String,java.lang.String,java.lang.String,java.lang.String,java.lang.String)[pri:0, instance:tests.TC004_SelectAHotelTest@55fe41ea]" started-at="2025-06-06T16:54:19 IST" name="selectHotelTest" data-provider="readData" finished-at="2025-06-06T16:54:25 IST" duration-ms="5613" status="PASS">
          <params>
            <param index="0">
              <value>
                <![CDATA[Mukilanru1898]]>
              </value>
            </param>
            <param index="1">
              <value>
                <![CDATA[12345]]>
              </value>
            </param>
            <param index="2">
              <value>
                <![CDATA[07/05/2025]]>
              </value>
            </param>
            <param index="3">
              <value>
                <![CDATA[08/05/2025]]>
              </value>
            </param>
            <param index="4">
              <value>
                <![CDATA[Adactin.com - Book A Hotel]]>
              </value>
            </param>
            <param index="5">
              <value>
                <![CDATA[validtest]]>
              </value>
            </param>
          </params>
          <reporter-output>
            <line>
              <![CDATA[Select Hotel Function Completed With Valid Details]]>
            </line>
          </reporter-output>
        </test-method> <!-- selectHotelTest -->
        <test-method is-config="true" signature="browserclose()[pri:0, instance:tests.TC004_SelectAHotelTest@55fe41ea]" started-at="2025-06-06T16:54:25 IST" name="browserclose" finished-at="2025-06-06T16:54:27 IST" duration-ms="2245" status="PASS">
          <reporter-output>
          </reporter-output>
        </test-method> <!-- browserclose -->
        <test-method is-config="true" signature="launchAndLoadingURL(java.lang.String,java.lang.String)[pri:0, instance:tests.TC004_SelectAHotelTest@55fe41ea]" started-at="2025-06-06T16:54:27 IST" name="launchAndLoadingURL" finished-at="2025-06-06T16:54:30 IST" duration-ms="3506" status="PASS">
          <params>
            <param index="0">
              <value>
                <![CDATA[chrome]]>
              </value>
            </param>
            <param index="1">
              <value>
                <![CDATA[https://adactinhotelapp.com/]]>
              </value>
            </param>
          </params>
          <reporter-output>
          </reporter-output>
        </test-method> <!-- launchAndLoadingURL -->
        <test-method signature="selectHotelTest(java.lang.String,java.lang.String,java.lang.String,java.lang.String,java.lang.String,java.lang.String)[pri:0, instance:tests.TC004_SelectAHotelTest@55fe41ea]" started-at="2025-06-06T16:54:30 IST" name="selectHotelTest" data-provider="readData" finished-at="2025-06-06T16:54:36 IST" duration-ms="5269" status="PASS">
          <params>
            <param index="0">
              <value>
                <![CDATA[Mukilanru1898]]>
              </value>
            </param>
            <param index="1">
              <value>
                <![CDATA[12345]]>
              </value>
            </param>
            <param index="2">
              <value>
                <![CDATA[07/05/2025]]>
              </value>
            </param>
            <param index="3">
              <value>
                <![CDATA[08/05/2025]]>
              </value>
            </param>
            <param index="4">
              <value>
                <![CDATA[Please Select a Hotel]]>
              </value>
            </param>
            <param index="5">
              <value>
                <![CDATA[invalidtest]]>
              </value>
            </param>
          </params>
          <reporter-output>
            <line>
              <![CDATA[Select Hotel Function Not Completed Due To Error]]>
            </line>
          </reporter-output>
        </test-method> <!-- selectHotelTest -->
        <test-method is-config="true" signature="browserclose()[pri:0, instance:tests.TC004_SelectAHotelTest@55fe41ea]" started-at="2025-06-06T16:54:36 IST" name="browserclose" finished-at="2025-06-06T16:54:38 IST" duration-ms="2215" status="PASS">
          <reporter-output>
          </reporter-output>
        </test-method> <!-- browserclose -->
      </class> <!-- tests.TC004_SelectAHotelTest -->
      <class name="tests.TC001_NewRegisterationTest">
        <test-method is-config="true" signature="reportInitilization()[pri:0, instance:tests.TC001_NewRegisterationTest@4e08711f]" started-at="2025-06-06T16:52:48 IST" name="reportInitilization" finished-at="2025-06-06T16:52:48 IST" duration-ms="170" status="PASS">
          <reporter-output>
          </reporter-output>
        </test-method> <!-- reportInitilization -->
        <test-method is-config="true" signature="setup()[pri:0, instance:tests.TC001_NewRegisterationTest@4e08711f]" started-at="2025-06-06T16:52:48 IST" name="setup" finished-at="2025-06-06T16:52:48 IST" duration-ms="1" status="PASS">
          <reporter-output>
          </reporter-output>
        </test-method> <!-- setup -->
        <test-method is-config="true" signature="testDetails()[pri:0, instance:tests.TC001_NewRegisterationTest@4e08711f]" started-at="2025-06-06T16:52:48 IST" name="testDetails" finished-at="2025-06-06T16:52:48 IST" duration-ms="4" status="PASS">
          <reporter-output>
          </reporter-output>
        </test-method> <!-- testDetails -->
        <test-method is-config="true" signature="launchAndLoadingURL(java.lang.String,java.lang.String)[pri:0, instance:tests.TC001_NewRegisterationTest@4e08711f]" started-at="2025-06-06T16:52:49 IST" name="launchAndLoadingURL" finished-at="2025-06-06T16:52:51 IST" duration-ms="1787" status="PASS">
          <params>
            <param index="0">
              <value>
                <![CDATA[chrome]]>
              </value>
            </param>
            <param index="1">
              <value>
                <![CDATA[https://adactinhotelapp.com/]]>
              </value>
            </param>
          </params>
          <reporter-output>
          </reporter-output>
        </test-method> <!-- launchAndLoadingURL -->
        <test-method signature="newRegisterTest(java.lang.String,java.lang.String,java.lang.String,java.lang.String,java.lang.String,java.lang.String,java.lang.String)[pri:0, instance:tests.TC001_NewRegisterationTest@4e08711f]" started-at="2025-06-06T16:52:51 IST" name="newRegisterTest" data-provider="readData" finished-at="2025-06-06T16:53:17 IST" duration-ms="26389" status="PASS">
          <params>
            <param index="0">
              <value>
                <![CDATA[JohnDoe005]]>
              </value>
            </param>
            <param index="1">
              <value>
                <![CDATA[pass@123]]>
              </value>
            </param>
            <param index="2">
              <value>
                <![CDATA[pass@123]]>
              </value>
            </param>
            <param index="3">
              <value>
                <![CDATA[Tester]]>
              </value>
            </param>
            <param index="4">
              <value>
                <![CDATA[johndoe005@gmail.com]]>
              </value>
            </param>
            <param index="5">
              <value>
                <![CDATA[Click here to login]]>
              </value>
            </param>
            <param index="6">
              <value>
                <![CDATA[ValidTest]]>
              </value>
            </param>
          </params>
          <reporter-output>
            <line>
              <![CDATA[Registeration Successful]]>
            </line>
          </reporter-output>
        </test-method> <!-- newRegisterTest -->
        <test-method is-config="true" signature="browserclose()[pri:0, instance:tests.TC001_NewRegisterationTest@4e08711f]" started-at="2025-06-06T16:53:17 IST" name="browserclose" finished-at="2025-06-06T16:53:20 IST" duration-ms="2280" status="PASS">
          <reporter-output>
          </reporter-output>
        </test-method> <!-- browserclose -->
        <test-method is-config="true" signature="launchAndLoadingURL(java.lang.String,java.lang.String)[pri:0, instance:tests.TC001_NewRegisterationTest@4e08711f]" started-at="2025-06-06T16:53:20 IST" name="launchAndLoadingURL" finished-at="2025-06-06T16:53:23 IST" duration-ms="3660" status="PASS">
          <params>
            <param index="0">
              <value>
                <![CDATA[chrome]]>
              </value>
            </param>
            <param index="1">
              <value>
                <![CDATA[https://adactinhotelapp.com/]]>
              </value>
            </param>
          </params>
          <reporter-output>
          </reporter-output>
        </test-method> <!-- launchAndLoadingURL -->
        <test-method signature="newRegisterTest(java.lang.String,java.lang.String,java.lang.String,java.lang.String,java.lang.String,java.lang.String,java.lang.String)[pri:0, instance:tests.TC001_NewRegisterationTest@4e08711f]" started-at="2025-06-06T16:53:23 IST" name="newRegisterTest" data-provider="readData" finished-at="2025-06-06T16:53:37 IST" duration-ms="13562" status="PASS">
          <params>
            <param index="0">
              <value>
                <![CDATA[JaneDoe001]]>
              </value>
            </param>
            <param index="1">
              <value>
                <![CDATA[pass@123]]>
              </value>
            </param>
            <param index="2">
              <value>
                <![CDATA[pass@123]]>
              </value>
            </param>
            <param index="3">
              <value>
                <![CDATA[Tester]]>
              </value>
            </param>
            <param index="4">
              <value>
                <![CDATA[johndoe001.com]]>
              </value>
            </param>
            <param index="5">
              <value>
                <![CDATA[Invalid email, Please enter correct email.]]>
              </value>
            </param>
            <param index="6">
              <value>
                <![CDATA[InvalidTest]]>
              </value>
            </param>
          </params>
          <reporter-output>
            <line>
              <![CDATA[Registeration not successful due to invalid data]]>
            </line>
          </reporter-output>
        </test-method> <!-- newRegisterTest -->
        <test-method is-config="true" signature="browserclose()[pri:0, instance:tests.TC001_NewRegisterationTest@4e08711f]" started-at="2025-06-06T16:53:37 IST" name="browserclose" finished-at="2025-06-06T16:53:39 IST" duration-ms="2193" status="PASS">
          <reporter-output>
          </reporter-output>
        </test-method> <!-- browserclose -->
        <test-method is-config="true" signature="closereport()[pri:0, instance:tests.TC001_NewRegisterationTest@4e08711f]" started-at="2025-06-06T16:57:29 IST" name="closereport" finished-at="2025-06-06T16:57:29 IST" duration-ms="159" status="PASS">
          <reporter-output>
          </reporter-output>
        </test-method> <!-- closereport -->
      </class> <!-- tests.TC001_NewRegisterationTest -->
    </test> <!-- ChromeTest -->
  </suite> <!-- Suite -->
</testng-results>
